*** This is nuXmv 2.0.0 (compiled on Mon Oct 14 18:05:39 2019)
*** Copyright (c) 2014-2019, Fondazione Bruno Kessler
*** For more information on nuXmv see https://nuxmv.fbk.eu
*** or email to <nuxmv@list.fbk.eu>.
*** Please report bugs at https://nuxmv.fbk.eu/bugs
*** (click on "Login Anonymously" to access)
*** Alternatively write to <nuxmv@list.fbk.eu>.

*** This version of nuXmv is linked to NuSMV 2.6.0.
*** For more information on NuSMV see <http://nusmv.fbk.eu>
*** or email to <nusmv-users@list.fbk.eu>.
*** Copyright (C) 2010-2019, Fondazione Bruno Kessler

*** This version of nuXmv is linked to the CUDD library version 2.4.1
*** Copyright (c) 1995-2004, Regents of the University of Colorado

*** This version of nuXmv is linked to the MiniSat SAT solver. 
*** See http://minisat.se/MiniSat.html
*** Copyright (c) 2003-2006, Niklas Een, Niklas Sorensson
*** Copyright (c) 2007-2010, Niklas Sorensson

*** This version of nuXmv is linked to MathSAT
*** Copyright (C) 2009-2019 by Fondazione Bruno Kessler
*** Copyright (C) 2009-2019 by University of Trento and others
*** See http://mathsat.fbk.eu

-- specification !( F (position_2_3 = 2 & position_3_2 = 2))  is false
-- as demonstrated by the following execution sequence
Trace Description: LTL Counterexample 
Trace Type: Counterexample 
  -> State: 1.1 <-
    position_1_1 = 3
    position_1_2 = 2
    position_1_3 = 2
    position_1_4 = 2
    position_1_5 = 2
    position_2_2 = 2
    position_2_3 = 1
    position_2_4 = 2
    position_2_5 = 2
    position_3_2 = 1
    position_3_3 = 2
    position_3_4 = 3
    position_3_5 = 1
    steps = 0
  -> State: 1.2 <-
    position_1_1 = 1
    position_1_2 = 1
    position_1_3 = 1
    position_1_4 = 1
    position_1_5 = 1
    position_2_2 = 1
    position_2_3 = 2
    position_2_4 = 1
    position_2_5 = 1
    position_3_2 = 2
    position_3_3 = 3
    position_3_4 = 1
    steps = 1
  -> State: 1.3 <-
    position_3_3 = 1
    position_3_4 = 3
    steps = 2
  -> State: 1.4 <-
    position_3_3 = 3
    position_3_4 = 1
    steps = 3
  -> State: 1.5 <-
    position_3_3 = 1
    position_3_4 = 3
    steps = 4
  -> State: 1.6 <-
    position_3_3 = 3
    position_3_4 = 1
    steps = 5
  -> State: 1.7 <-
    position_3_3 = 1
    position_3_4 = 3
    steps = 6
  -> State: 1.8 <-
    position_3_3 = 3
    position_3_4 = 1
    steps = 7
  -> State: 1.9 <-
    position_3_3 = 1
    position_3_4 = 3
    steps = 8
  -> State: 1.10 <-
    position_3_3 = 3
    position_3_4 = 1
    steps = 9
  -> State: 1.11 <-
    position_3_3 = 1
    position_3_4 = 3
    steps = 10
  -> State: 1.12 <-
    position_3_3 = 3
    position_3_4 = 1
    steps = 11
  -> State: 1.13 <-
    position_3_3 = 1
    position_3_4 = 3
    steps = 12
  -> State: 1.14 <-
    position_3_3 = 3
    position_3_4 = 1
    steps = 13
  -> State: 1.15 <-
    position_3_3 = 1
    position_3_4 = 3
    steps = 14
  -> State: 1.16 <-
    position_3_3 = 3
    position_3_4 = 1
    steps = 15
  -> State: 1.17 <-
    position_3_3 = 1
    position_3_4 = 3
    steps = 16
  -> State: 1.18 <-
    position_3_3 = 3
    position_3_4 = 1
    steps = 17
  -> State: 1.19 <-
    position_3_3 = 1
    position_3_4 = 3
    steps = 18
  -> State: 1.20 <-
    position_3_3 = 3
    position_3_4 = 1
    steps = 19
  -> State: 1.21 <-
    position_3_3 = 1
    position_3_4 = 3
    steps = 20
  -> State: 1.22 <-
    position_3_3 = 3
    position_3_4 = 1
    steps = 21
  -> State: 1.23 <-
    position_3_3 = 1
    position_3_4 = 3
    steps = 22
  -> State: 1.24 <-
    position_3_3 = 3
    position_3_4 = 1
    steps = 23
  -> State: 1.25 <-
    position_3_3 = 1
    position_3_4 = 3
    steps = 24
  -> State: 1.26 <-
    position_3_3 = 3
    position_3_4 = 1
    steps = 25
  -> State: 1.27 <-
    position_3_3 = 1
    position_3_4 = 3
    steps = 26
  -> State: 1.28 <-
    position_3_3 = 3
    position_3_4 = 1
    steps = 27
  -> State: 1.29 <-
    position_3_3 = 1
    position_3_4 = 3
    steps = 28
  -> State: 1.30 <-
    position_3_3 = 3
    position_3_4 = 1
    steps = 29
  -> State: 1.31 <-
    position_3_3 = 1
    position_3_4 = 3
    steps = 30
  -> State: 1.32 <-
    position_3_3 = 3
    position_3_4 = 1
    steps = 31
  -> State: 1.33 <-
    position_3_3 = 1
    position_3_4 = 3
    steps = 32
  -> State: 1.34 <-
    position_3_3 = 3
    position_3_4 = 1
    steps = 33
  -> State: 1.35 <-
    position_3_3 = 1
    position_3_4 = 3
    steps = 34
  -> State: 1.36 <-
    position_3_3 = 3
    position_3_4 = 1
    steps = 35
  -> State: 1.37 <-
    position_3_3 = 1
    position_3_4 = 3
    steps = 36
  -> State: 1.38 <-
    position_3_3 = 3
    position_3_4 = 1
    steps = 37
  -> State: 1.39 <-
    position_3_3 = 1
    position_3_4 = 3
    steps = 38
  -> State: 1.40 <-
    position_3_3 = 3
    position_3_4 = 1
    steps = 39
  -> State: 1.41 <-
    position_3_3 = 1
    position_3_4 = 3
    steps = 40
  -> State: 1.42 <-
    position_3_3 = 3
    position_3_4 = 1
    steps = 41
  -> State: 1.43 <-
    position_3_3 = 1
    position_3_4 = 3
    steps = 42
  -> State: 1.44 <-
    position_3_3 = 3
    position_3_4 = 1
    steps = 43
  -> State: 1.45 <-
    position_3_3 = 1
    position_3_4 = 3
    steps = 44
  -> State: 1.46 <-
    position_3_3 = 3
    position_3_4 = 1
    steps = 45
  -> State: 1.47 <-
    position_3_3 = 1
    position_3_4 = 3
    steps = 46
  -> State: 1.48 <-
    position_3_3 = 3
    position_3_4 = 1
    steps = 47
  -> State: 1.49 <-
    position_3_3 = 1
    position_3_4 = 3
    steps = 48
  -> State: 1.50 <-
    position_3_3 = 3
    position_3_4 = 1
    steps = 49
  -- Loop starts here
  -> State: 1.51 <-
    position_3_3 = 1
    position_3_4 = 3
    steps = 50
  -> State: 1.52 <-
